2020-10-24 00:09:34.408  WARN 73700 --- [HikariPool-1 housekeeper] com.zaxxer.hikari.pool.HikariPool        : HikariPool-1 - Thread starvation or clock leap detected (housekeeper delta=1h31m37s964ms).
2020-10-24 00:09:34.431  WARN 73700 --- [schedulerTaskPool-5] com.zaxxer.hikari.pool.PoolBase          : HikariPool-1 - Failed to validate connection com.mysql.cj.jdbc.ConnectionImpl@79c5a983 (No operations allowed after connection closed.). Possibly consider using a shorter maxLifetime value.
2020-10-24 00:09:34.713 ERROR 73700 --- [schedulerTaskPool-5] o.s.s.s.TaskUtils$LoggingErrorHandler    : Unexpected error occurred in scheduled task

org.mybatis.spring.MyBatisSystemException: nested exception is org.apache.ibatis.exceptions.PersistenceException: 
### Error querying database.  Cause: org.springframework.jdbc.CannotGetJdbcConnectionException: Failed to obtain JDBC Connection; nested exception is java.sql.SQLTransientConnectionException: HikariPool-1 - Connection is not available, request timed out after 2244118ms.
### The error may exist in class path resource [sqlmap/AuctionMapper.xml]
### The error may involve com.echo.backend.dao.AuctionMapper.getAuction10mins
### The error occurred while executing a query
### Cause: org.springframework.jdbc.CannotGetJdbcConnectionException: Failed to obtain JDBC Connection; nested exception is java.sql.SQLTransientConnectionException: HikariPool-1 - Connection is not available, request timed out after 2244118ms.
	at org.mybatis.spring.MyBatisExceptionTranslator.translateExceptionIfPossible(MyBatisExceptionTranslator.java:92) ~[mybatis-spring-2.0.5.jar!/:2.0.5]
	at org.mybatis.spring.SqlSessionTemplate$SqlSessionInterceptor.invoke(SqlSessionTemplate.java:440) ~[mybatis-spring-2.0.5.jar!/:2.0.5]
	at com.sun.proxy.$Proxy59.selectList(Unknown Source) ~[na:na]
	at org.mybatis.spring.SqlSessionTemplate.selectList(SqlSessionTemplate.java:223) ~[mybatis-spring-2.0.5.jar!/:2.0.5]
	at org.apache.ibatis.binding.MapperMethod.executeForMany(MapperMethod.java:147) ~[mybatis-3.5.5.jar!/:3.5.5]
	at org.apache.ibatis.binding.MapperMethod.execute(MapperMethod.java:80) ~[mybatis-3.5.5.jar!/:3.5.5]
	at org.apache.ibatis.binding.MapperProxy$PlainMethodInvoker.invoke(MapperProxy.java:152) ~[mybatis-3.5.5.jar!/:3.5.5]
	at org.apache.ibatis.binding.MapperProxy.invoke(MapperProxy.java:85) ~[mybatis-3.5.5.jar!/:3.5.5]
	at com.sun.proxy.$Proxy70.getAuction10mins(Unknown Source) ~[na:na]
	at com.echo.backend.service.AuctionCheckTimer.checkAuction10mins(AuctionCheckTimer.java:47) ~[classes!/:0.0.1-SNAPSHOT]
	at java.base/jdk.internal.reflect.NativeMethodAccessorImpl.invoke0(Native Method) ~[na:na]
	at java.base/jdk.internal.reflect.NativeMethodAccessorImpl.invoke(NativeMethodAccessorImpl.java:62) ~[na:na]
	at java.base/jdk.internal.reflect.DelegatingMethodAccessorImpl.invoke(DelegatingMethodAccessorImpl.java:43) ~[na:na]
	at java.base/java.lang.reflect.Method.invoke(Method.java:567) ~[na:na]
	at org.springframework.scheduling.support.ScheduledMethodRunnable.run(ScheduledMethodRunnable.java:84) ~[spring-context-5.2.9.RELEASE.jar!/:5.2.9.RELEASE]
	at org.springframework.scheduling.support.DelegatingErrorHandlingRunnable.run(DelegatingErrorHandlingRunnable.java:54) ~[spring-context-5.2.9.RELEASE.jar!/:5.2.9.RELEASE]
	at org.springframework.scheduling.concurrent.ReschedulingRunnable.run(ReschedulingRunnable.java:93) ~[spring-context-5.2.9.RELEASE.jar!/:5.2.9.RELEASE]
	at java.base/java.util.concurrent.Executors$RunnableAdapter.call(Executors.java:515) ~[na:na]
	at java.base/java.util.concurrent.FutureTask.run(FutureTask.java:264) ~[na:na]
	at java.base/java.util.concurrent.ScheduledThreadPoolExecutor$ScheduledFutureTask.run(ScheduledThreadPoolExecutor.java:304) ~[na:na]
	at java.base/java.util.concurrent.ThreadPoolExecutor.runWorker(ThreadPoolExecutor.java:1128) ~[na:na]
	at java.base/java.util.concurrent.ThreadPoolExecutor$Worker.run(ThreadPoolExecutor.java:628) ~[na:na]
	at java.base/java.lang.Thread.run(Thread.java:835) ~[na:na]
Caused by: org.apache.ibatis.exceptions.PersistenceException: 
### Error querying database.  Cause: org.springframework.jdbc.CannotGetJdbcConnectionException: Failed to obtain JDBC Connection; nested exception is java.sql.SQLTransientConnectionException: HikariPool-1 - Connection is not available, request timed out after 2244118ms.
### The error may exist in class path resource [sqlmap/AuctionMapper.xml]
### The error may involve com.echo.backend.dao.AuctionMapper.getAuction10mins
### The error occurred while executing a query
### Cause: org.springframework.jdbc.CannotGetJdbcConnectionException: Failed to obtain JDBC Connection; nested exception is java.sql.SQLTransientConnectionException: HikariPool-1 - Connection is not available, request timed out after 2244118ms.
	at org.apache.ibatis.exceptions.ExceptionFactory.wrapException(ExceptionFactory.java:30) ~[mybatis-3.5.5.jar!/:3.5.5]
	at org.apache.ibatis.session.defaults.DefaultSqlSession.selectList(DefaultSqlSession.java:149) ~[mybatis-3.5.5.jar!/:3.5.5]
	at org.apache.ibatis.session.defaults.DefaultSqlSession.selectList(DefaultSqlSession.java:140) ~[mybatis-3.5.5.jar!/:3.5.5]
	at java.base/jdk.internal.reflect.NativeMethodAccessorImpl.invoke0(Native Method) ~[na:na]
	at java.base/jdk.internal.reflect.NativeMethodAccessorImpl.invoke(NativeMethodAccessorImpl.java:62) ~[na:na]
	at java.base/jdk.internal.reflect.DelegatingMethodAccessorImpl.invoke(DelegatingMethodAccessorImpl.java:43) ~[na:na]
	at java.base/java.lang.reflect.Method.invoke(Method.java:567) ~[na:na]
	at org.mybatis.spring.SqlSessionTemplate$SqlSessionInterceptor.invoke(SqlSessionTemplate.java:426) ~[mybatis-spring-2.0.5.jar!/:2.0.5]
	... 21 common frames omitted
Caused by: org.springframework.jdbc.CannotGetJdbcConnectionException: Failed to obtain JDBC Connection; nested exception is java.sql.SQLTransientConnectionException: HikariPool-1 - Connection is not available, request timed out after 2244118ms.
	at org.springframework.jdbc.datasource.DataSourceUtils.getConnection(DataSourceUtils.java:81) ~[spring-jdbc-5.0.6.RELEASE.jar!/:5.0.6.RELEASE]
	at org.mybatis.spring.transaction.SpringManagedTransaction.openConnection(SpringManagedTransaction.java:80) ~[mybatis-spring-2.0.5.jar!/:2.0.5]
	at org.mybatis.spring.transaction.SpringManagedTransaction.getConnection(SpringManagedTransaction.java:67) ~[mybatis-spring-2.0.5.jar!/:2.0.5]
	at org.apache.ibatis.executor.BaseExecutor.getConnection(BaseExecutor.java:337) ~[mybatis-3.5.5.jar!/:3.5.5]
	at org.apache.ibatis.executor.SimpleExecutor.prepareStatement(SimpleExecutor.java:86) ~[mybatis-3.5.5.jar!/:3.5.5]
	at org.apache.ibatis.executor.SimpleExecutor.doQuery(SimpleExecutor.java:62) ~[mybatis-3.5.5.jar!/:3.5.5]
	at org.apache.ibatis.executor.BaseExecutor.queryFromDatabase(BaseExecutor.java:325) ~[mybatis-3.5.5.jar!/:3.5.5]
	at org.apache.ibatis.executor.BaseExecutor.query(BaseExecutor.java:156) ~[mybatis-3.5.5.jar!/:3.5.5]
	at org.apache.ibatis.executor.CachingExecutor.query(CachingExecutor.java:109) ~[mybatis-3.5.5.jar!/:3.5.5]
	at org.apache.ibatis.executor.CachingExecutor.query(CachingExecutor.java:89) ~[mybatis-3.5.5.jar!/:3.5.5]
	at org.apache.ibatis.session.defaults.DefaultSqlSession.selectList(DefaultSqlSession.java:147) ~[mybatis-3.5.5.jar!/:3.5.5]
	... 27 common frames omitted
Caused by: java.sql.SQLTransientConnectionException: HikariPool-1 - Connection is not available, request timed out after 2244118ms.
	at com.zaxxer.hikari.pool.HikariPool.createTimeoutException(HikariPool.java:695) ~[HikariCP-3.4.5.jar!/:na]
	at com.zaxxer.hikari.pool.HikariPool.getConnection(HikariPool.java:197) ~[HikariCP-3.4.5.jar!/:na]
	at com.zaxxer.hikari.pool.HikariPool.getConnection(HikariPool.java:162) ~[HikariCP-3.4.5.jar!/:na]
	at com.zaxxer.hikari.HikariDataSource.getConnection(HikariDataSource.java:128) ~[HikariCP-3.4.5.jar!/:na]
	at org.springframework.jdbc.datasource.DataSourceUtils.fetchConnection(DataSourceUtils.java:151) ~[spring-jdbc-5.0.6.RELEASE.jar!/:5.0.6.RELEASE]
	at org.springframework.jdbc.datasource.DataSourceUtils.doGetConnection(DataSourceUtils.java:115) ~[spring-jdbc-5.0.6.RELEASE.jar!/:5.0.6.RELEASE]
	at org.springframework.jdbc.datasource.DataSourceUtils.getConnection(DataSourceUtils.java:78) ~[spring-jdbc-5.0.6.RELEASE.jar!/:5.0.6.RELEASE]
	... 37 common frames omitted
Caused by: java.sql.SQLNonTransientConnectionException: No operations allowed after connection closed.
	at com.mysql.cj.jdbc.exceptions.SQLError.createSQLException(SQLError.java:110) ~[mysql-connector-java-8.0.21.jar!/:8.0.21]
	at com.mysql.cj.jdbc.exceptions.SQLError.createSQLException(SQLError.java:97) ~[mysql-connector-java-8.0.21.jar!/:8.0.21]
	at com.mysql.cj.jdbc.exceptions.SQLError.createSQLException(SQLError.java:89) ~[mysql-connector-java-8.0.21.jar!/:8.0.21]
	at com.mysql.cj.jdbc.exceptions.SQLError.createSQLException(SQLError.java:63) ~[mysql-connector-java-8.0.21.jar!/:8.0.21]
	at com.mysql.cj.jdbc.exceptions.SQLError.createSQLException(SQLError.java:73) ~[mysql-connector-java-8.0.21.jar!/:8.0.21]
	at com.mysql.cj.jdbc.exceptions.SQLExceptionsMapping.translateException(SQLExceptionsMapping.java:73) ~[mysql-connector-java-8.0.21.jar!/:8.0.21]
	at com.mysql.cj.jdbc.ConnectionImpl.setNetworkTimeout(ConnectionImpl.java:2490) ~[mysql-connector-java-8.0.21.jar!/:8.0.21]
	at com.zaxxer.hikari.pool.PoolBase.setNetworkTimeout(PoolBase.java:560) ~[HikariCP-3.4.5.jar!/:na]
	at com.zaxxer.hikari.pool.PoolBase.isConnectionAlive(PoolBase.java:173) ~[HikariCP-3.4.5.jar!/:na]
	at com.zaxxer.hikari.pool.HikariPool.getConnection(HikariPool.java:186) ~[HikariCP-3.4.5.jar!/:na]
	... 42 common frames omitted
Caused by: com.mysql.cj.exceptions.ConnectionIsClosedException: No operations allowed after connection closed.
	at java.base/jdk.internal.reflect.NativeConstructorAccessorImpl.newInstance0(Native Method) ~[na:na]
	at java.base/jdk.internal.reflect.NativeConstructorAccessorImpl.newInstance(NativeConstructorAccessorImpl.java:62) ~[na:na]
	at java.base/jdk.internal.reflect.DelegatingConstructorAccessorImpl.newInstance(DelegatingConstructorAccessorImpl.java:45) ~[na:na]
	at java.base/java.lang.reflect.Constructor.newInstanceWithCaller(Constructor.java:500) ~[na:na]
	at java.base/java.lang.reflect.Constructor.newInstance(Constructor.java:481) ~[na:na]
	at com.mysql.cj.exceptions.ExceptionFactory.createException(ExceptionFactory.java:61) ~[mysql-connector-java-8.0.21.jar!/:8.0.21]
	at com.mysql.cj.exceptions.ExceptionFactory.createException(ExceptionFactory.java:105) ~[mysql-connector-java-8.0.21.jar!/:8.0.21]
	at com.mysql.cj.exceptions.ExceptionFactory.createException(ExceptionFactory.java:151) ~[mysql-connector-java-8.0.21.jar!/:8.0.21]
	at com.mysql.cj.NativeSession.checkClosed(NativeSession.java:1171) ~[mysql-connector-java-8.0.21.jar!/:8.0.21]
	at com.mysql.cj.jdbc.ConnectionImpl.checkClosed(ConnectionImpl.java:576) ~[mysql-connector-java-8.0.21.jar!/:8.0.21]
	at com.mysql.cj.jdbc.ConnectionImpl.setNetworkTimeout(ConnectionImpl.java:2486) ~[mysql-connector-java-8.0.21.jar!/:8.0.21]
	... 45 common frames omitted

2020-10-24 00:10:00.001  INFO 73700 --- [schedulerTaskPool-5] c.e.backend.service.AuctionCheckTimer    : ---checking auction---
2020-10-24 00:47:31.069  WARN 73700 --- [HikariPool-1 housekeeper] com.zaxxer.hikari.pool.HikariPool        : HikariPool-1 - Thread starvation or clock leap detected (housekeeper delta=37m56s652ms).
2020-10-24 00:47:31.236  WARN 73700 --- [schedulerTaskPool-5] com.zaxxer.hikari.pool.PoolBase          : HikariPool-1 - Failed to validate connection com.mysql.cj.jdbc.ConnectionImpl@110576db (No operations allowed after connection closed.). Possibly consider using a shorter maxLifetime value.
2020-10-24 00:47:31.306 ERROR 73700 --- [schedulerTaskPool-5] o.s.s.s.TaskUtils$LoggingErrorHandler    : Unexpected error occurred in scheduled task

org.mybatis.spring.MyBatisSystemException: nested exception is org.apache.ibatis.exceptions.PersistenceException: 
### Error querying database.  Cause: org.springframework.jdbc.CannotGetJdbcConnectionException: Failed to obtain JDBC Connection; nested exception is java.sql.SQLTransientConnectionException: HikariPool-1 - Connection is not available, request timed out after 2251242ms.
### The error may exist in class path resource [sqlmap/AuctionMapper.xml]
### The error may involve com.echo.backend.dao.AuctionMapper.getAuction10mins
### The error occurred while executing a query
### Cause: org.springframework.jdbc.CannotGetJdbcConnectionException: Failed to obtain JDBC Connection; nested exception is java.sql.SQLTransientConnectionException: HikariPool-1 - Connection is not available, request timed out after 2251242ms.
	at org.mybatis.spring.MyBatisExceptionTranslator.translateExceptionIfPossible(MyBatisExceptionTranslator.java:92) ~[mybatis-spring-2.0.5.jar!/:2.0.5]
	at org.mybatis.spring.SqlSessionTemplate$SqlSessionInterceptor.invoke(SqlSessionTemplate.java:440) ~[mybatis-spring-2.0.5.jar!/:2.0.5]
	at com.sun.proxy.$Proxy59.selectList(Unknown Source) ~[na:na]
	at org.mybatis.spring.SqlSessionTemplate.selectList(SqlSessionTemplate.java:223) ~[mybatis-spring-2.0.5.jar!/:2.0.5]
	at org.apache.ibatis.binding.MapperMethod.executeForMany(MapperMethod.java:147) ~[mybatis-3.5.5.jar!/:3.5.5]
	at org.apache.ibatis.binding.MapperMethod.execute(MapperMethod.java:80) ~[mybatis-3.5.5.jar!/:3.5.5]
	at org.apache.ibatis.binding.MapperProxy$PlainMethodInvoker.invoke(MapperProxy.java:152) ~[mybatis-3.5.5.jar!/:3.5.5]
	at org.apache.ibatis.binding.MapperProxy.invoke(MapperProxy.java:85) ~[mybatis-3.5.5.jar!/:3.5.5]
	at com.sun.proxy.$Proxy70.getAuction10mins(Unknown Source) ~[na:na]
	at com.echo.backend.service.AuctionCheckTimer.checkAuction10mins(AuctionCheckTimer.java:47) ~[classes!/:0.0.1-SNAPSHOT]
	at java.base/jdk.internal.reflect.NativeMethodAccessorImpl.invoke0(Native Method) ~[na:na]
	at java.base/jdk.internal.reflect.NativeMethodAccessorImpl.invoke(NativeMethodAccessorImpl.java:62) ~[na:na]
	at java.base/jdk.internal.reflect.DelegatingMethodAccessorImpl.invoke(DelegatingMethodAccessorImpl.java:43) ~[na:na]
	at java.base/java.lang.reflect.Method.invoke(Method.java:567) ~[na:na]
	at org.springframework.scheduling.support.ScheduledMethodRunnable.run(ScheduledMethodRunnable.java:84) ~[spring-context-5.2.9.RELEASE.jar!/:5.2.9.RELEASE]
	at org.springframework.scheduling.support.DelegatingErrorHandlingRunnable.run(DelegatingErrorHandlingRunnable.java:54) ~[spring-context-5.2.9.RELEASE.jar!/:5.2.9.RELEASE]
	at org.springframework.scheduling.concurrent.ReschedulingRunnable.run(ReschedulingRunnable.java:93) ~[spring-context-5.2.9.RELEASE.jar!/:5.2.9.RELEASE]
	at java.base/java.util.concurrent.Executors$RunnableAdapter.call(Executors.java:515) ~[na:na]
	at java.base/java.util.concurrent.FutureTask.run(FutureTask.java:264) ~[na:na]
	at java.base/java.util.concurrent.ScheduledThreadPoolExecutor$ScheduledFutureTask.run(ScheduledThreadPoolExecutor.java:304) ~[na:na]
	at java.base/java.util.concurrent.ThreadPoolExecutor.runWorker(ThreadPoolExecutor.java:1128) ~[na:na]
	at java.base/java.util.concurrent.ThreadPoolExecutor$Worker.run(ThreadPoolExecutor.java:628) ~[na:na]
	at java.base/java.lang.Thread.run(Thread.java:835) ~[na:na]
Caused by: org.apache.ibatis.exceptions.PersistenceException: 
### Error querying database.  Cause: org.springframework.jdbc.CannotGetJdbcConnectionException: Failed to obtain JDBC Connection; nested exception is java.sql.SQLTransientConnectionException: HikariPool-1 - Connection is not available, request timed out after 2251242ms.
### The error may exist in class path resource [sqlmap/AuctionMapper.xml]
### The error may involve com.echo.backend.dao.AuctionMapper.getAuction10mins
### The error occurred while executing a query
### Cause: org.springframework.jdbc.CannotGetJdbcConnectionException: Failed to obtain JDBC Connection; nested exception is java.sql.SQLTransientConnectionException: HikariPool-1 - Connection is not available, request timed out after 2251242ms.
	at org.apache.ibatis.exceptions.ExceptionFactory.wrapException(ExceptionFactory.java:30) ~[mybatis-3.5.5.jar!/:3.5.5]
	at org.apache.ibatis.session.defaults.DefaultSqlSession.selectList(DefaultSqlSession.java:149) ~[mybatis-3.5.5.jar!/:3.5.5]
	at org.apache.ibatis.session.defaults.DefaultSqlSession.selectList(DefaultSqlSession.java:140) ~[mybatis-3.5.5.jar!/:3.5.5]
	at java.base/jdk.internal.reflect.NativeMethodAccessorImpl.invoke0(Native Method) ~[na:na]
	at java.base/jdk.internal.reflect.NativeMethodAccessorImpl.invoke(NativeMethodAccessorImpl.java:62) ~[na:na]
	at java.base/jdk.internal.reflect.DelegatingMethodAccessorImpl.invoke(DelegatingMethodAccessorImpl.java:43) ~[na:na]
	at java.base/java.lang.reflect.Method.invoke(Method.java:567) ~[na:na]
	at org.mybatis.spring.SqlSessionTemplate$SqlSessionInterceptor.invoke(SqlSessionTemplate.java:426) ~[mybatis-spring-2.0.5.jar!/:2.0.5]
	... 21 common frames omitted
Caused by: org.springframework.jdbc.CannotGetJdbcConnectionException: Failed to obtain JDBC Connection; nested exception is java.sql.SQLTransientConnectionException: HikariPool-1 - Connection is not available, request timed out after 2251242ms.
	at org.springframework.jdbc.datasource.DataSourceUtils.getConnection(DataSourceUtils.java:81) ~[spring-jdbc-5.0.6.RELEASE.jar!/:5.0.6.RELEASE]
	at org.mybatis.spring.transaction.SpringManagedTransaction.openConnection(SpringManagedTransaction.java:80) ~[mybatis-spring-2.0.5.jar!/:2.0.5]
	at org.mybatis.spring.transaction.SpringManagedTransaction.getConnection(SpringManagedTransaction.java:67) ~[mybatis-spring-2.0.5.jar!/:2.0.5]
	at org.apache.ibatis.executor.BaseExecutor.getConnection(BaseExecutor.java:337) ~[mybatis-3.5.5.jar!/:3.5.5]
	at org.apache.ibatis.executor.SimpleExecutor.prepareStatement(SimpleExecutor.java:86) ~[mybatis-3.5.5.jar!/:3.5.5]
	at org.apache.ibatis.executor.SimpleExecutor.doQuery(SimpleExecutor.java:62) ~[mybatis-3.5.5.jar!/:3.5.5]
	at org.apache.ibatis.executor.BaseExecutor.queryFromDatabase(BaseExecutor.java:325) ~[mybatis-3.5.5.jar!/:3.5.5]
	at org.apache.ibatis.executor.BaseExecutor.query(BaseExecutor.java:156) ~[mybatis-3.5.5.jar!/:3.5.5]
	at org.apache.ibatis.executor.CachingExecutor.query(CachingExecutor.java:109) ~[mybatis-3.5.5.jar!/:3.5.5]
	at org.apache.ibatis.executor.CachingExecutor.query(CachingExecutor.java:89) ~[mybatis-3.5.5.jar!/:3.5.5]
	at org.apache.ibatis.session.defaults.DefaultSqlSession.selectList(DefaultSqlSession.java:147) ~[mybatis-3.5.5.jar!/:3.5.5]
	... 27 common frames omitted
Caused by: java.sql.SQLTransientConnectionException: HikariPool-1 - Connection is not available, request timed out after 2251242ms.
	at com.zaxxer.hikari.pool.HikariPool.createTimeoutException(HikariPool.java:695) ~[HikariCP-3.4.5.jar!/:na]
	at com.zaxxer.hikari.pool.HikariPool.getConnection(HikariPool.java:197) ~[HikariCP-3.4.5.jar!/:na]
	at com.zaxxer.hikari.pool.HikariPool.getConnection(HikariPool.java:162) ~[HikariCP-3.4.5.jar!/:na]
	at com.zaxxer.hikari.HikariDataSource.getConnection(HikariDataSource.java:128) ~[HikariCP-3.4.5.jar!/:na]
	at org.springframework.jdbc.datasource.DataSourceUtils.fetchConnection(DataSourceUtils.java:151) ~[spring-jdbc-5.0.6.RELEASE.jar!/:5.0.6.RELEASE]
	at org.springframework.jdbc.datasource.DataSourceUtils.doGetConnection(DataSourceUtils.java:115) ~[spring-jdbc-5.0.6.RELEASE.jar!/:5.0.6.RELEASE]
	at org.springframework.jdbc.datasource.DataSourceUtils.getConnection(DataSourceUtils.java:78) ~[spring-jdbc-5.0.6.RELEASE.jar!/:5.0.6.RELEASE]
	... 37 common frames omitted
Caused by: java.sql.SQLNonTransientConnectionException: No operations allowed after connection closed.
	at com.mysql.cj.jdbc.exceptions.SQLError.createSQLException(SQLError.java:110) ~[mysql-connector-java-8.0.21.jar!/:8.0.21]
	at com.mysql.cj.jdbc.exceptions.SQLError.createSQLException(SQLError.java:97) ~[mysql-connector-java-8.0.21.jar!/:8.0.21]
	at com.mysql.cj.jdbc.exceptions.SQLError.createSQLException(SQLError.java:89) ~[mysql-connector-java-8.0.21.jar!/:8.0.21]
	at com.mysql.cj.jdbc.exceptions.SQLError.createSQLException(SQLError.java:63) ~[mysql-connector-java-8.0.21.jar!/:8.0.21]
	at com.mysql.cj.jdbc.exceptions.SQLError.createSQLException(SQLError.java:73) ~[mysql-connector-java-8.0.21.jar!/:8.0.21]
	at com.mysql.cj.jdbc.exceptions.SQLExceptionsMapping.translateException(SQLExceptionsMapping.java:73) ~[mysql-connector-java-8.0.21.jar!/:8.0.21]
	at com.mysql.cj.jdbc.ConnectionImpl.setNetworkTimeout(ConnectionImpl.java:2490) ~[mysql-connector-java-8.0.21.jar!/:8.0.21]
	at com.zaxxer.hikari.pool.PoolBase.setNetworkTimeout(PoolBase.java:560) ~[HikariCP-3.4.5.jar!/:na]
	at com.zaxxer.hikari.pool.PoolBase.isConnectionAlive(PoolBase.java:173) ~[HikariCP-3.4.5.jar!/:na]
	at com.zaxxer.hikari.pool.HikariPool.getConnection(HikariPool.java:186) ~[HikariCP-3.4.5.jar!/:na]
	... 42 common frames omitted
Caused by: com.mysql.cj.exceptions.ConnectionIsClosedException: No operations allowed after connection closed.
	at java.base/jdk.internal.reflect.NativeConstructorAccessorImpl.newInstance0(Native Method) ~[na:na]
	at java.base/jdk.internal.reflect.NativeConstructorAccessorImpl.newInstance(NativeConstructorAccessorImpl.java:62) ~[na:na]
	at java.base/jdk.internal.reflect.DelegatingConstructorAccessorImpl.newInstance(DelegatingConstructorAccessorImpl.java:45) ~[na:na]
	at java.base/java.lang.reflect.Constructor.newInstanceWithCaller(Constructor.java:500) ~[na:na]
	at java.base/java.lang.reflect.Constructor.newInstance(Constructor.java:481) ~[na:na]
	at com.mysql.cj.exceptions.ExceptionFactory.createException(ExceptionFactory.java:61) ~[mysql-connector-java-8.0.21.jar!/:8.0.21]
	at com.mysql.cj.exceptions.ExceptionFactory.createException(ExceptionFactory.java:105) ~[mysql-connector-java-8.0.21.jar!/:8.0.21]
	at com.mysql.cj.exceptions.ExceptionFactory.createException(ExceptionFactory.java:151) ~[mysql-connector-java-8.0.21.jar!/:8.0.21]
	at com.mysql.cj.NativeSession.checkClosed(NativeSession.java:1171) ~[mysql-connector-java-8.0.21.jar!/:8.0.21]
	at com.mysql.cj.jdbc.ConnectionImpl.checkClosed(ConnectionImpl.java:576) ~[mysql-connector-java-8.0.21.jar!/:8.0.21]
	at com.mysql.cj.jdbc.ConnectionImpl.setNetworkTimeout(ConnectionImpl.java:2486) ~[mysql-connector-java-8.0.21.jar!/:8.0.21]
	... 45 common frames omitted

2020-10-24 00:48:00.310  WARN 73700 --- [HikariPool-1 housekeeper] com.zaxxer.hikari.pool.HikariPool        : HikariPool-1 - Retrograde clock change detected (housekeeper delta=29s251ms), soft-evicting connections from pool.
2020-10-24 04:48:24.267  WARN 73700 --- [HikariPool-1 housekeeper] com.zaxxer.hikari.pool.HikariPool        : HikariPool-1 - Thread starvation or clock leap detected (housekeeper delta=4h23s955ms).
2020-10-24 06:33:25.442  WARN 73700 --- [HikariPool-1 housekeeper] com.zaxxer.hikari.pool.HikariPool        : HikariPool-1 - Thread starvation or clock leap detected (housekeeper delta=1h45m1s176ms).
2020-10-24 10:23:03.380  WARN 73700 --- [HikariPool-1 housekeeper] com.zaxxer.hikari.pool.HikariPool        : HikariPool-1 - Thread starvation or clock leap detected (housekeeper delta=3h49m37s937ms).
2020-10-24 10:23:32.095  INFO 73700 --- [schedulerTaskPool-1] c.e.backend.service.AuctionCheckTimer    : ---checking auction---
2020-10-24 10:23:37.117  WARN 73700 --- [schedulerTaskPool-1] com.zaxxer.hikari.pool.PoolBase          : HikariPool-1 - Failed to validate connection com.mysql.cj.jdbc.ConnectionImpl@45ffe482 (No operations allowed after connection closed.). Possibly consider using a shorter maxLifetime value.
2020-10-24 10:23:42.127  WARN 73700 --- [schedulerTaskPool-1] com.zaxxer.hikari.pool.PoolBase          : HikariPool-1 - Failed to validate connection com.mysql.cj.jdbc.ConnectionImpl@3f6932a6 (No operations allowed after connection closed.). Possibly consider using a shorter maxLifetime value.
2020-10-24 10:23:47.135  WARN 73700 --- [schedulerTaskPool-1] com.zaxxer.hikari.pool.PoolBase          : HikariPool-1 - Failed to validate connection com.mysql.cj.jdbc.ConnectionImpl@41b1ddc4 (No operations allowed after connection closed.). Possibly consider using a shorter maxLifetime value.
2020-10-24 10:23:52.142  WARN 73700 --- [schedulerTaskPool-1] com.zaxxer.hikari.pool.PoolBase          : HikariPool-1 - Failed to validate connection com.mysql.cj.jdbc.ConnectionImpl@727aa18c (No operations allowed after connection closed.). Possibly consider using a shorter maxLifetime value.
2020-10-24 10:23:57.146  WARN 73700 --- [schedulerTaskPool-1] com.zaxxer.hikari.pool.PoolBase          : HikariPool-1 - Failed to validate connection com.mysql.cj.jdbc.ConnectionImpl@41a89f58 (No operations allowed after connection closed.). Possibly consider using a shorter maxLifetime value.
2020-10-24 10:24:02.469  WARN 73700 --- [schedulerTaskPool-1] com.zaxxer.hikari.pool.PoolBase          : HikariPool-1 - Failed to validate connection com.mysql.cj.jdbc.ConnectionImpl@60f2da1d (No operations allowed after connection closed.). Possibly consider using a shorter maxLifetime value.
2020-10-24 10:24:02.484 ERROR 73700 --- [schedulerTaskPool-1] o.s.s.s.TaskUtils$LoggingErrorHandler    : Unexpected error occurred in scheduled task

org.mybatis.spring.MyBatisSystemException: nested exception is org.apache.ibatis.exceptions.PersistenceException: 
### Error querying database.  Cause: org.springframework.jdbc.CannotGetJdbcConnectionException: Failed to obtain JDBC Connection; nested exception is java.sql.SQLTransientConnectionException: HikariPool-1 - Connection is not available, request timed out after 30366ms.
### The error may exist in class path resource [sqlmap/AuctionMapper.xml]
### The error may involve com.echo.backend.dao.AuctionMapper.getAuction10mins
### The error occurred while executing a query
### Cause: org.springframework.jdbc.CannotGetJdbcConnectionException: Failed to obtain JDBC Connection; nested exception is java.sql.SQLTransientConnectionException: HikariPool-1 - Connection is not available, request timed out after 30366ms.
	at org.mybatis.spring.MyBatisExceptionTranslator.translateExceptionIfPossible(MyBatisExceptionTranslator.java:92) ~[mybatis-spring-2.0.5.jar!/:2.0.5]
	at org.mybatis.spring.SqlSessionTemplate$SqlSessionInterceptor.invoke(SqlSessionTemplate.java:440) ~[mybatis-spring-2.0.5.jar!/:2.0.5]
	at com.sun.proxy.$Proxy59.selectList(Unknown Source) ~[na:na]
	at org.mybatis.spring.SqlSessionTemplate.selectList(SqlSessionTemplate.java:223) ~[mybatis-spring-2.0.5.jar!/:2.0.5]
	at org.apache.ibatis.binding.MapperMethod.executeForMany(MapperMethod.java:147) ~[mybatis-3.5.5.jar!/:3.5.5]
	at org.apache.ibatis.binding.MapperMethod.execute(MapperMethod.java:80) ~[mybatis-3.5.5.jar!/:3.5.5]
	at org.apache.ibatis.binding.MapperProxy$PlainMethodInvoker.invoke(MapperProxy.java:152) ~[mybatis-3.5.5.jar!/:3.5.5]
	at org.apache.ibatis.binding.MapperProxy.invoke(MapperProxy.java:85) ~[mybatis-3.5.5.jar!/:3.5.5]
	at com.sun.proxy.$Proxy70.getAuction10mins(Unknown Source) ~[na:na]
	at com.echo.backend.service.AuctionCheckTimer.checkAuction10mins(AuctionCheckTimer.java:47) ~[classes!/:0.0.1-SNAPSHOT]
	at java.base/jdk.internal.reflect.NativeMethodAccessorImpl.invoke0(Native Method) ~[na:na]
	at java.base/jdk.internal.reflect.NativeMethodAccessorImpl.invoke(NativeMethodAccessorImpl.java:62) ~[na:na]
	at java.base/jdk.internal.reflect.DelegatingMethodAccessorImpl.invoke(DelegatingMethodAccessorImpl.java:43) ~[na:na]
	at java.base/java.lang.reflect.Method.invoke(Method.java:567) ~[na:na]
	at org.springframework.scheduling.support.ScheduledMethodRunnable.run(ScheduledMethodRunnable.java:84) ~[spring-context-5.2.9.RELEASE.jar!/:5.2.9.RELEASE]
	at org.springframework.scheduling.support.DelegatingErrorHandlingRunnable.run(DelegatingErrorHandlingRunnable.java:54) ~[spring-context-5.2.9.RELEASE.jar!/:5.2.9.RELEASE]
	at org.springframework.scheduling.concurrent.ReschedulingRunnable.run(ReschedulingRunnable.java:93) ~[spring-context-5.2.9.RELEASE.jar!/:5.2.9.RELEASE]
	at java.base/java.util.concurrent.Executors$RunnableAdapter.call(Executors.java:515) ~[na:na]
	at java.base/java.util.concurrent.FutureTask.run(FutureTask.java:264) ~[na:na]
	at java.base/java.util.concurrent.ScheduledThreadPoolExecutor$ScheduledFutureTask.run(ScheduledThreadPoolExecutor.java:304) ~[na:na]
	at java.base/java.util.concurrent.ThreadPoolExecutor.runWorker(ThreadPoolExecutor.java:1128) ~[na:na]
	at java.base/java.util.concurrent.ThreadPoolExecutor$Worker.run(ThreadPoolExecutor.java:628) ~[na:na]
	at java.base/java.lang.Thread.run(Thread.java:835) ~[na:na]
Caused by: org.apache.ibatis.exceptions.PersistenceException: 
### Error querying database.  Cause: org.springframework.jdbc.CannotGetJdbcConnectionException: Failed to obtain JDBC Connection; nested exception is java.sql.SQLTransientConnectionException: HikariPool-1 - Connection is not available, request timed out after 30366ms.
### The error may exist in class path resource [sqlmap/AuctionMapper.xml]
### The error may involve com.echo.backend.dao.AuctionMapper.getAuction10mins
### The error occurred while executing a query
### Cause: org.springframework.jdbc.CannotGetJdbcConnectionException: Failed to obtain JDBC Connection; nested exception is java.sql.SQLTransientConnectionException: HikariPool-1 - Connection is not available, request timed out after 30366ms.
	at org.apache.ibatis.exceptions.ExceptionFactory.wrapException(ExceptionFactory.java:30) ~[mybatis-3.5.5.jar!/:3.5.5]
	at org.apache.ibatis.session.defaults.DefaultSqlSession.selectList(DefaultSqlSession.java:149) ~[mybatis-3.5.5.jar!/:3.5.5]
	at org.apache.ibatis.session.defaults.DefaultSqlSession.selectList(DefaultSqlSession.java:140) ~[mybatis-3.5.5.jar!/:3.5.5]
	at java.base/jdk.internal.reflect.NativeMethodAccessorImpl.invoke0(Native Method) ~[na:na]
	at java.base/jdk.internal.reflect.NativeMethodAccessorImpl.invoke(NativeMethodAccessorImpl.java:62) ~[na:na]
	at java.base/jdk.internal.reflect.DelegatingMethodAccessorImpl.invoke(DelegatingMethodAccessorImpl.java:43) ~[na:na]
	at java.base/java.lang.reflect.Method.invoke(Method.java:567) ~[na:na]
	at org.mybatis.spring.SqlSessionTemplate$SqlSessionInterceptor.invoke(SqlSessionTemplate.java:426) ~[mybatis-spring-2.0.5.jar!/:2.0.5]
	... 21 common frames omitted
Caused by: org.springframework.jdbc.CannotGetJdbcConnectionException: Failed to obtain JDBC Connection; nested exception is java.sql.SQLTransientConnectionException: HikariPool-1 - Connection is not available, request timed out after 30366ms.
	at org.springframework.jdbc.datasource.DataSourceUtils.getConnection(DataSourceUtils.java:81) ~[spring-jdbc-5.0.6.RELEASE.jar!/:5.0.6.RELEASE]
	at org.mybatis.spring.transaction.SpringManagedTransaction.openConnection(SpringManagedTransaction.java:80) ~[mybatis-spring-2.0.5.jar!/:2.0.5]
	at org.mybatis.spring.transaction.SpringManagedTransaction.getConnection(SpringManagedTransaction.java:67) ~[mybatis-spring-2.0.5.jar!/:2.0.5]
	at org.apache.ibatis.executor.BaseExecutor.getConnection(BaseExecutor.java:337) ~[mybatis-3.5.5.jar!/:3.5.5]
	at org.apache.ibatis.executor.SimpleExecutor.prepareStatement(SimpleExecutor.java:86) ~[mybatis-3.5.5.jar!/:3.5.5]
	at org.apache.ibatis.executor.SimpleExecutor.doQuery(SimpleExecutor.java:62) ~[mybatis-3.5.5.jar!/:3.5.5]
	at org.apache.ibatis.executor.BaseExecutor.queryFromDatabase(BaseExecutor.java:325) ~[mybatis-3.5.5.jar!/:3.5.5]
	at org.apache.ibatis.executor.BaseExecutor.query(BaseExecutor.java:156) ~[mybatis-3.5.5.jar!/:3.5.5]
	at org.apache.ibatis.executor.CachingExecutor.query(CachingExecutor.java:109) ~[mybatis-3.5.5.jar!/:3.5.5]
	at org.apache.ibatis.executor.CachingExecutor.query(CachingExecutor.java:89) ~[mybatis-3.5.5.jar!/:3.5.5]
	at org.apache.ibatis.session.defaults.DefaultSqlSession.selectList(DefaultSqlSession.java:147) ~[mybatis-3.5.5.jar!/:3.5.5]
	... 27 common frames omitted
Caused by: java.sql.SQLTransientConnectionException: HikariPool-1 - Connection is not available, request timed out after 30366ms.
	at com.zaxxer.hikari.pool.HikariPool.createTimeoutException(HikariPool.java:695) ~[HikariCP-3.4.5.jar!/:na]
	at com.zaxxer.hikari.pool.HikariPool.getConnection(HikariPool.java:197) ~[HikariCP-3.4.5.jar!/:na]
	at com.zaxxer.hikari.pool.HikariPool.getConnection(HikariPool.java:162) ~[HikariCP-3.4.5.jar!/:na]
	at com.zaxxer.hikari.HikariDataSource.getConnection(HikariDataSource.java:128) ~[HikariCP-3.4.5.jar!/:na]
	at org.springframework.jdbc.datasource.DataSourceUtils.fetchConnection(DataSourceUtils.java:151) ~[spring-jdbc-5.0.6.RELEASE.jar!/:5.0.6.RELEASE]
	at org.springframework.jdbc.datasource.DataSourceUtils.doGetConnection(DataSourceUtils.java:115) ~[spring-jdbc-5.0.6.RELEASE.jar!/:5.0.6.RELEASE]
	at org.springframework.jdbc.datasource.DataSourceUtils.getConnection(DataSourceUtils.java:78) ~[spring-jdbc-5.0.6.RELEASE.jar!/:5.0.6.RELEASE]
	... 37 common frames omitted
Caused by: java.sql.SQLNonTransientConnectionException: No operations allowed after connection closed.
	at com.mysql.cj.jdbc.exceptions.SQLError.createSQLException(SQLError.java:110) ~[mysql-connector-java-8.0.21.jar!/:8.0.21]
	at com.mysql.cj.jdbc.exceptions.SQLError.createSQLException(SQLError.java:97) ~[mysql-connector-java-8.0.21.jar!/:8.0.21]
	at com.mysql.cj.jdbc.exceptions.SQLError.createSQLException(SQLError.java:89) ~[mysql-connector-java-8.0.21.jar!/:8.0.21]
	at com.mysql.cj.jdbc.exceptions.SQLError.createSQLException(SQLError.java:63) ~[mysql-connector-java-8.0.21.jar!/:8.0.21]
	at com.mysql.cj.jdbc.exceptions.SQLError.createSQLException(SQLError.java:73) ~[mysql-connector-java-8.0.21.jar!/:8.0.21]
	at com.mysql.cj.jdbc.exceptions.SQLExceptionsMapping.translateException(SQLExceptionsMapping.java:73) ~[mysql-connector-java-8.0.21.jar!/:8.0.21]
	at com.mysql.cj.jdbc.ConnectionImpl.setNetworkTimeout(ConnectionImpl.java:2490) ~[mysql-connector-java-8.0.21.jar!/:8.0.21]
	at com.zaxxer.hikari.pool.PoolBase.setNetworkTimeout(PoolBase.java:560) ~[HikariCP-3.4.5.jar!/:na]
	at com.zaxxer.hikari.pool.PoolBase.isConnectionAlive(PoolBase.java:173) ~[HikariCP-3.4.5.jar!/:na]
	at com.zaxxer.hikari.pool.HikariPool.getConnection(HikariPool.java:186) ~[HikariCP-3.4.5.jar!/:na]
	... 42 common frames omitted
Caused by: com.mysql.cj.exceptions.ConnectionIsClosedException: No operations allowed after connection closed.
	at java.base/jdk.internal.reflect.NativeConstructorAccessorImpl.newInstance0(Native Method) ~[na:na]
	at java.base/jdk.internal.reflect.NativeConstructorAccessorImpl.newInstance(NativeConstructorAccessorImpl.java:62) ~[na:na]
	at java.base/jdk.internal.reflect.DelegatingConstructorAccessorImpl.newInstance(DelegatingConstructorAccessorImpl.java:45) ~[na:na]
	at java.base/java.lang.reflect.Constructor.newInstanceWithCaller(Constructor.java:500) ~[na:na]
	at java.base/java.lang.reflect.Constructor.newInstance(Constructor.java:481) ~[na:na]
	at com.mysql.cj.exceptions.ExceptionFactory.createException(ExceptionFactory.java:61) ~[mysql-connector-java-8.0.21.jar!/:8.0.21]
	at com.mysql.cj.exceptions.ExceptionFactory.createException(ExceptionFactory.java:105) ~[mysql-connector-java-8.0.21.jar!/:8.0.21]
	at com.mysql.cj.exceptions.ExceptionFactory.createException(ExceptionFactory.java:151) ~[mysql-connector-java-8.0.21.jar!/:8.0.21]
	at com.mysql.cj.NativeSession.checkClosed(NativeSession.java:1171) ~[mysql-connector-java-8.0.21.jar!/:8.0.21]
	at com.mysql.cj.jdbc.ConnectionImpl.checkClosed(ConnectionImpl.java:576) ~[mysql-connector-java-8.0.21.jar!/:8.0.21]
	at com.mysql.cj.jdbc.ConnectionImpl.setNetworkTimeout(ConnectionImpl.java:2486) ~[mysql-connector-java-8.0.21.jar!/:8.0.21]
	... 45 common frames omitted

2020-10-24 10:25:00.004  INFO 73700 --- [schedulerTaskPool-9] c.e.backend.service.AuctionCheckTimer    : ---checking auction---
2020-10-24 10:25:05.010  WARN 73700 --- [schedulerTaskPool-9] com.zaxxer.hikari.pool.PoolBase          : HikariPool-1 - Failed to validate connection com.mysql.cj.jdbc.ConnectionImpl@366025c2 (No operations allowed after connection closed.). Possibly consider using a shorter maxLifetime value.
2020-10-24 10:25:10.018  WARN 73700 --- [schedulerTaskPool-9] com.zaxxer.hikari.pool.PoolBase          : HikariPool-1 - Failed to validate connection com.mysql.cj.jdbc.ConnectionImpl@775d2ff9 (No operations allowed after connection closed.). Possibly consider using a shorter maxLifetime value.
2020-10-24 10:25:15.022  WARN 73700 --- [schedulerTaskPool-9] com.zaxxer.hikari.pool.PoolBase          : HikariPool-1 - Failed to validate connection com.mysql.cj.jdbc.ConnectionImpl@46607a9c (No operations allowed after connection closed.). Possibly consider using a shorter maxLifetime value.
2020-10-24 10:30:00.008  INFO 73700 --- [schedulerTaskPool-2] c.e.backend.service.AuctionCheckTimer    : ---checking auction---
2020-10-24 10:35:00.010  INFO 73700 --- [schedulerTaskPool-5] c.e.backend.service.AuctionCheckTimer    : ---checking auction---
2020-10-24 10:40:00.013  INFO 73700 --- [schedulerTaskPool-8] c.e.backend.service.AuctionCheckTimer    : ---checking auction---
2020-10-24 10:45:00.009  INFO 73700 --- [schedulerTaskPool-10] c.e.backend.service.AuctionCheckTimer    : ---checking auction---
2020-10-24 10:50:00.010  INFO 73700 --- [schedulerTaskPool-5] c.e.backend.service.AuctionCheckTimer    : ---checking auction---
2020-10-24 10:55:00.009  INFO 73700 --- [schedulerTaskPool-6] c.e.backend.service.AuctionCheckTimer    : ---checking auction---
2020-10-24 11:00:00.009  INFO 73700 --- [schedulerTaskPool-3] c.e.backend.service.AuctionCheckTimer    : ---checking auction---
2020-10-24 11:05:00.009  INFO 73700 --- [schedulerTaskPool-2] c.e.backend.service.AuctionCheckTimer    : ---checking auction---
2020-10-24 11:10:00.016  INFO 73700 --- [schedulerTaskPool-5] c.e.backend.service.AuctionCheckTimer    : ---checking auction---
2020-10-24 11:15:00.010  INFO 73700 --- [schedulerTaskPool-4] c.e.backend.service.AuctionCheckTimer    : ---checking auction---
2020-10-24 11:20:00.010  INFO 73700 --- [schedulerTaskPool-2] c.e.backend.service.AuctionCheckTimer    : ---checking auction---
2020-10-24 11:25:00.008  INFO 73700 --- [schedulerTaskPool-7] c.e.backend.service.AuctionCheckTimer    : ---checking auction---
2020-10-24 11:30:00.009  INFO 73700 --- [schedulerTaskPool-8] c.e.backend.service.AuctionCheckTimer    : ---checking auction---
2020-10-24 11:35:00.010  INFO 73700 --- [schedulerTaskPool-3] c.e.backend.service.AuctionCheckTimer    : ---checking auction---
2020-10-24 11:40:00.009  INFO 73700 --- [schedulerTaskPool-7] c.e.backend.service.AuctionCheckTimer    : ---checking auction---
2020-10-24 11:45:00.008  INFO 73700 --- [schedulerTaskPool-3] c.e.backend.service.AuctionCheckTimer    : ---checking auction---
2020-10-24 11:50:00.018  INFO 73700 --- [schedulerTaskPool-9] c.e.backend.service.AuctionCheckTimer    : ---checking auction---
2020-10-24 11:55:00.010  INFO 73700 --- [schedulerTaskPool-9] c.e.backend.service.AuctionCheckTimer    : ---checking auction---
2020-10-24 12:00:00.011  INFO 73700 --- [schedulerTaskPool-2] c.e.backend.service.AuctionCheckTimer    : ---checking auction---
2020-10-24 12:05:00.009  INFO 73700 --- [schedulerTaskPool-10] c.e.backend.service.AuctionCheckTimer    : ---checking auction---
2020-10-24 12:10:00.012  INFO 73700 --- [schedulerTaskPool-4] c.e.backend.service.AuctionCheckTimer    : ---checking auction---
2020-10-24 12:15:00.010  INFO 73700 --- [schedulerTaskPool-8] c.e.backend.service.AuctionCheckTimer    : ---checking auction---
2020-10-24 12:20:00.010  INFO 73700 --- [schedulerTaskPool-5] c.e.backend.service.AuctionCheckTimer    : ---checking auction---
2020-10-24 12:25:00.004  INFO 73700 --- [schedulerTaskPool-4] c.e.backend.service.AuctionCheckTimer    : ---checking auction---
2020-10-24 12:30:00.009  INFO 73700 --- [schedulerTaskPool-1] c.e.backend.service.AuctionCheckTimer    : ---checking auction---
2020-10-24 12:35:00.009  INFO 73700 --- [schedulerTaskPool-1] c.e.backend.service.AuctionCheckTimer    : ---checking auction---
2020-10-24 12:40:00.008  INFO 73700 --- [schedulerTaskPool-5] c.e.backend.service.AuctionCheckTimer    : ---checking auction---
2020-10-24 12:45:00.009  INFO 73700 --- [schedulerTaskPool-9] c.e.backend.service.AuctionCheckTimer    : ---checking auction---
2020-10-24 12:50:00.015  INFO 73700 --- [schedulerTaskPool-7] c.e.backend.service.AuctionCheckTimer    : ---checking auction---
2020-10-24 12:55:00.010  INFO 73700 --- [schedulerTaskPool-6] c.e.backend.service.AuctionCheckTimer    : ---checking auction---
2020-10-24 13:00:00.009  INFO 73700 --- [schedulerTaskPool-6] c.e.backend.service.AuctionCheckTimer    : ---checking auction---
2020-10-24 13:05:00.009  INFO 73700 --- [schedulerTaskPool-3] c.e.backend.service.AuctionCheckTimer    : ---checking auction---
2020-10-24 13:10:00.010  INFO 73700 --- [schedulerTaskPool-4] c.e.backend.service.AuctionCheckTimer    : ---checking auction---
2020-10-24 13:14:58.474  INFO 73700 --- [http-nio-8080-exec-1] o.a.c.c.C.[Tomcat].[localhost].[/api]    : Initializing Spring DispatcherServlet 'dispatcherServlet'
2020-10-24 13:14:58.474  INFO 73700 --- [http-nio-8080-exec-1] o.s.web.servlet.DispatcherServlet        : Initializing Servlet 'dispatcherServlet'
2020-10-24 13:14:58.508  INFO 73700 --- [http-nio-8080-exec-1] o.s.web.servlet.DispatcherServlet        : Completed initialization in 34 ms
2020-10-24 13:15:00.011  INFO 73700 --- [schedulerTaskPool-9] c.e.backend.service.AuctionCheckTimer    : ---checking auction---
2020-10-24 13:15:30.749  INFO 73700 --- [SpringContextShutdownHook] o.s.s.concurrent.ThreadPoolTaskExecutor  : Shutting down ExecutorService 'taskExecutor'
2020-10-24 13:15:30.751  INFO 73700 --- [SpringContextShutdownHook] o.s.s.c.ThreadPoolTaskScheduler          : Shutting down ExecutorService 'schedulerTaskPool'
2020-10-24 13:15:30.760  INFO 73700 --- [SpringContextShutdownHook] com.zaxxer.hikari.HikariDataSource       : HikariPool-1 - Shutdown initiated...
2020-10-24 13:15:32.254  INFO 73700 --- [SpringContextShutdownHook] com.zaxxer.hikari.HikariDataSource       : HikariPool-1 - Shutdown completed.
2020-10-24 13:15:37.973  INFO 81146 --- [main] com.echo.backend.BackendApplication      : Starting BackendApplication v0.0.1-SNAPSHOT on leedeMacBook-Pro.local with PID 81146 (/Users/lee/Desktop/comp9900/capstone-project-comp9900-w19b-echo/OLP/backend/target/backend-0.0.1-SNAPSHOT.war started by lee in /Users/lee/Desktop/comp9900/capstone-project-comp9900-w19b-echo/OLP/backend/target)
2020-10-24 13:15:37.978 DEBUG 81146 --- [main] com.echo.backend.BackendApplication      : Running with Spring Boot v2.3.4.RELEASE, Spring v5.2.9.RELEASE
2020-10-24 13:15:37.979  INFO 81146 --- [main] com.echo.backend.BackendApplication      : No active profile set, falling back to default profiles: default
2020-10-24 13:15:40.350  INFO 81146 --- [main] trationDelegate$BeanPostProcessorChecker : Bean 'shiroConfig' of type [com.echo.backend.config.shiro.ShiroConfig$$EnhancerBySpringCGLIB$$55a7352c] is not eligible for getting processed by all BeanPostProcessors (for example: not eligible for auto-proxying)
2020-10-24 13:15:40.553  INFO 81146 --- [main] trationDelegate$BeanPostProcessorChecker : Bean 'mybatis-org.mybatis.spring.boot.autoconfigure.MybatisProperties' of type [org.mybatis.spring.boot.autoconfigure.MybatisProperties] is not eligible for getting processed by all BeanPostProcessors (for example: not eligible for auto-proxying)
2020-10-24 13:15:40.568  INFO 81146 --- [main] trationDelegate$BeanPostProcessorChecker : Bean 'org.mybatis.spring.boot.autoconfigure.MybatisAutoConfiguration' of type [org.mybatis.spring.boot.autoconfigure.MybatisAutoConfiguration$$EnhancerBySpringCGLIB$$d231097] is not eligible for getting processed by all BeanPostProcessors (for example: not eligible for auto-proxying)
2020-10-24 13:15:40.572  INFO 81146 --- [main] trationDelegate$BeanPostProcessorChecker : Bean 'org.springframework.boot.autoconfigure.jdbc.DataSourceConfiguration$Hikari' of type [org.springframework.boot.autoconfigure.jdbc.DataSourceConfiguration$Hikari] is not eligible for getting processed by all BeanPostProcessors (for example: not eligible for auto-proxying)
2020-10-24 13:15:40.603  INFO 81146 --- [main] trationDelegate$BeanPostProcessorChecker : Bean 'spring.datasource-org.springframework.boot.autoconfigure.jdbc.DataSourceProperties' of type [org.springframework.boot.autoconfigure.jdbc.DataSourceProperties] is not eligible for getting processed by all BeanPostProcessors (for example: not eligible for auto-proxying)
2020-10-24 13:15:40.670  INFO 81146 --- [main] trationDelegate$BeanPostProcessorChecker : Bean 'dataSource' of type [com.zaxxer.hikari.HikariDataSource] is not eligible for getting processed by all BeanPostProcessors (for example: not eligible for auto-proxying)
2020-10-24 13:15:41.365  INFO 81146 --- [main] trationDelegate$BeanPostProcessorChecker : Bean 'sqlSessionFactory' of type [org.apache.ibatis.session.defaults.DefaultSqlSessionFactory] is not eligible for getting processed by all BeanPostProcessors (for example: not eligible for auto-proxying)
2020-10-24 13:15:41.381  INFO 81146 --- [main] trationDelegate$BeanPostProcessorChecker : Bean 'sqlSessionTemplate' of type [org.mybatis.spring.SqlSessionTemplate] is not eligible for getting processed by all BeanPostProcessors (for example: not eligible for auto-proxying)
2020-10-24 13:15:41.383  INFO 81146 --- [main] trationDelegate$BeanPostProcessorChecker : Bean 'userMapper' of type [org.mybatis.spring.mapper.MapperFactoryBean] is not eligible for getting processed by all BeanPostProcessors (for example: not eligible for auto-proxying)
2020-10-24 13:15:41.388  INFO 81146 --- [main] trationDelegate$BeanPostProcessorChecker : Bean 'userMapper' of type [com.sun.proxy.$Proxy60] is not eligible for getting processed by all BeanPostProcessors (for example: not eligible for auto-proxying)
2020-10-24 13:15:41.393  INFO 81146 --- [main] trationDelegate$BeanPostProcessorChecker : Bean 'paymentDetailMapper' of type [org.mybatis.spring.mapper.MapperFactoryBean] is not eligible for getting processed by all BeanPostProcessors (for example: not eligible for auto-proxying)
2020-10-24 13:15:41.396  INFO 81146 --- [main] trationDelegate$BeanPostProcessorChecker : Bean 'paymentDetailMapper' of type [com.sun.proxy.$Proxy61] is not eligible for getting processed by all BeanPostProcessors (for example: not eligible for auto-proxying)
2020-10-24 13:15:41.397  INFO 81146 --- [main] trationDelegate$BeanPostProcessorChecker : Bean 'userService' of type [com.echo.backend.service.UserService] is not eligible for getting processed by all BeanPostProcessors (for example: not eligible for auto-proxying)
2020-10-24 13:15:41.399  INFO 81146 --- [main] trationDelegate$BeanPostProcessorChecker : Bean 'myRealm' of type [com.echo.backend.config.shiro.MyRealm] is not eligible for getting processed by all BeanPostProcessors (for example: not eligible for auto-proxying)
2020-10-24 13:15:41.555  INFO 81146 --- [main] trationDelegate$BeanPostProcessorChecker : Bean 'securityManager' of type [org.apache.shiro.web.mgt.DefaultWebSecurityManager] is not eligible for getting processed by all BeanPostProcessors (for example: not eligible for auto-proxying)
2020-10-24 13:15:41.676  INFO 81146 --- [main] trationDelegate$BeanPostProcessorChecker : Bean 'authorizationAttributeSourceAdvisor' of type [org.apache.shiro.spring.security.interceptor.AuthorizationAttributeSourceAdvisor] is not eligible for getting processed by all BeanPostProcessors (for example: not eligible for auto-proxying)
2020-10-24 13:15:42.379  INFO 81146 --- [main] o.s.b.w.embedded.tomcat.TomcatWebServer  : Tomcat initialized with port(s): 8080 (http)
2020-10-24 13:15:42.407  INFO 81146 --- [main] o.apache.catalina.core.StandardService   : Starting service [Tomcat]
2020-10-24 13:15:42.408  INFO 81146 --- [main] org.apache.catalina.core.StandardEngine  : Starting Servlet engine: [Apache Tomcat/9.0.38]
2020-10-24 13:15:44.018  INFO 81146 --- [main] o.a.c.c.C.[Tomcat].[localhost].[/api]    : Initializing Spring embedded WebApplicationContext
2020-10-24 13:15:44.019  INFO 81146 --- [main] w.s.c.ServletWebServerApplicationContext : Root WebApplicationContext: initialization completed in 5875 ms
2020-10-24 13:15:44.890  INFO 81146 --- [main] o.s.s.c.ThreadPoolTaskScheduler          : Initializing ExecutorService 'schedulerTaskPool'
2020-10-24 13:15:44.902  INFO 81146 --- [main] o.s.s.concurrent.ThreadPoolTaskExecutor  : Initializing ExecutorService
2020-10-24 13:15:44.904  INFO 81146 --- [main] o.s.s.concurrent.ThreadPoolTaskExecutor  : Initializing ExecutorService 'taskExecutor'
2020-10-24 13:15:45.447  INFO 81146 --- [main] o.s.b.w.embedded.tomcat.TomcatWebServer  : Tomcat started on port(s): 8080 (http) with context path '/api'
2020-10-24 13:15:45.449  INFO 81146 --- [main] d.s.w.p.DocumentationPluginsBootstrapper : Context refreshed
2020-10-24 13:15:45.471  INFO 81146 --- [main] d.s.w.p.DocumentationPluginsBootstrapper : Found 1 custom documentation plugin(s)
2020-10-24 13:15:45.498  INFO 81146 --- [main] s.d.s.w.s.ApiListingReferenceScanner     : Scanning for api listing references
2020-10-24 13:15:45.849  INFO 81146 --- [main] .d.s.w.r.o.CachingOperationNameGenerator : Generating unique operation named: addPaymentUsingPOST_1
2020-10-24 13:15:45.967  INFO 81146 --- [main] com.echo.backend.BackendApplication      : Started BackendApplication in 9.593 seconds (JVM running for 10.62)
2020-10-24 13:15:45.970  INFO 81146 --- [main] c.echo.backend.config.BeanConfiguration  : dataSource: HikariDataSource (null)
2020-10-24 13:15:45.971  INFO 81146 --- [main] com.zaxxer.hikari.HikariDataSource       : HikariPool-1 - Starting...
2020-10-24 13:15:48.437  INFO 81146 --- [main] com.zaxxer.hikari.HikariDataSource       : HikariPool-1 - Start completed.
2020-10-24 13:15:48.440  INFO 81146 --- [main] c.echo.backend.config.BeanConfiguration  : connection: HikariProxyConnection@883735648 wrapping com.mysql.cj.jdbc.ConnectionImpl@42b28ff1
2020-10-24 13:16:53.947  INFO 81146 --- [http-nio-8080-exec-3] o.a.c.c.C.[Tomcat].[localhost].[/api]    : Initializing Spring DispatcherServlet 'dispatcherServlet'
2020-10-24 13:16:53.958  INFO 81146 --- [http-nio-8080-exec-3] o.s.web.servlet.DispatcherServlet        : Initializing Servlet 'dispatcherServlet'
2020-10-24 13:16:53.985  INFO 81146 --- [http-nio-8080-exec-3] o.s.web.servlet.DispatcherServlet        : Completed initialization in 26 ms
2020-10-24 13:19:50.031  INFO 81146 --- [SpringContextShutdownHook] o.s.s.concurrent.ThreadPoolTaskExecutor  : Shutting down ExecutorService 'taskExecutor'
2020-10-24 13:19:50.032  INFO 81146 --- [SpringContextShutdownHook] o.s.s.c.ThreadPoolTaskScheduler          : Shutting down ExecutorService 'schedulerTaskPool'
2020-10-24 13:19:50.038  INFO 81146 --- [SpringContextShutdownHook] com.zaxxer.hikari.HikariDataSource       : HikariPool-1 - Shutdown initiated...
2020-10-24 13:19:52.676  INFO 81146 --- [SpringContextShutdownHook] com.zaxxer.hikari.HikariDataSource       : HikariPool-1 - Shutdown completed.
2020-10-24 13:19:56.962  INFO 81350 --- [main] com.echo.backend.BackendApplication      : Starting BackendApplication v0.0.1-SNAPSHOT on leedeMacBook-Pro.local with PID 81350 (/Users/lee/Desktop/comp9900/capstone-project-comp9900-w19b-echo/OLP/backend/target/backend-0.0.1-SNAPSHOT.war started by lee in /Users/lee/Desktop/comp9900/capstone-project-comp9900-w19b-echo/OLP/backend/target)
2020-10-24 13:19:56.971 DEBUG 81350 --- [main] com.echo.backend.BackendApplication      : Running with Spring Boot v2.3.4.RELEASE, Spring v5.2.9.RELEASE
2020-10-24 13:19:56.973  INFO 81350 --- [main] com.echo.backend.BackendApplication      : No active profile set, falling back to default profiles: default
2020-10-24 13:20:01.234  INFO 81350 --- [main] trationDelegate$BeanPostProcessorChecker : Bean 'shiroConfig' of type [com.echo.backend.config.shiro.ShiroConfig$$EnhancerBySpringCGLIB$$ee8ffc6e] is not eligible for getting processed by all BeanPostProcessors (for example: not eligible for auto-proxying)
2020-10-24 13:20:01.527  INFO 81350 --- [main] trationDelegate$BeanPostProcessorChecker : Bean 'mybatis-org.mybatis.spring.boot.autoconfigure.MybatisProperties' of type [org.mybatis.spring.boot.autoconfigure.MybatisProperties] is not eligible for getting processed by all BeanPostProcessors (for example: not eligible for auto-proxying)
2020-10-24 13:20:01.557  INFO 81350 --- [main] trationDelegate$BeanPostProcessorChecker : Bean 'org.mybatis.spring.boot.autoconfigure.MybatisAutoConfiguration' of type [org.mybatis.spring.boot.autoconfigure.MybatisAutoConfiguration$$EnhancerBySpringCGLIB$$a60bd7d9] is not eligible for getting processed by all BeanPostProcessors (for example: not eligible for auto-proxying)
2020-10-24 13:20:01.567  INFO 81350 --- [main] trationDelegate$BeanPostProcessorChecker : Bean 'org.springframework.boot.autoconfigure.jdbc.DataSourceConfiguration$Hikari' of type [org.springframework.boot.autoconfigure.jdbc.DataSourceConfiguration$Hikari] is not eligible for getting processed by all BeanPostProcessors (for example: not eligible for auto-proxying)
2020-10-24 13:20:01.608  INFO 81350 --- [main] trationDelegate$BeanPostProcessorChecker : Bean 'spring.datasource-org.springframework.boot.autoconfigure.jdbc.DataSourceProperties' of type [org.springframework.boot.autoconfigure.jdbc.DataSourceProperties] is not eligible for getting processed by all BeanPostProcessors (for example: not eligible for auto-proxying)
2020-10-24 13:20:01.766  INFO 81350 --- [main] trationDelegate$BeanPostProcessorChecker : Bean 'dataSource' of type [com.zaxxer.hikari.HikariDataSource] is not eligible for getting processed by all BeanPostProcessors (for example: not eligible for auto-proxying)
2020-10-24 13:20:02.521  INFO 81350 --- [main] trationDelegate$BeanPostProcessorChecker : Bean 'sqlSessionFactory' of type [org.apache.ibatis.session.defaults.DefaultSqlSessionFactory] is not eligible for getting processed by all BeanPostProcessors (for example: not eligible for auto-proxying)
2020-10-24 13:20:02.538  INFO 81350 --- [main] trationDelegate$BeanPostProcessorChecker : Bean 'sqlSessionTemplate' of type [org.mybatis.spring.SqlSessionTemplate] is not eligible for getting processed by all BeanPostProcessors (for example: not eligible for auto-proxying)
2020-10-24 13:20:02.546  INFO 81350 --- [main] trationDelegate$BeanPostProcessorChecker : Bean 'userMapper' of type [org.mybatis.spring.mapper.MapperFactoryBean] is not eligible for getting processed by all BeanPostProcessors (for example: not eligible for auto-proxying)
2020-10-24 13:20:02.551  INFO 81350 --- [main] trationDelegate$BeanPostProcessorChecker : Bean 'userMapper' of type [com.sun.proxy.$Proxy60] is not eligible for getting processed by all BeanPostProcessors (for example: not eligible for auto-proxying)
2020-10-24 13:20:02.574  INFO 81350 --- [main] trationDelegate$BeanPostProcessorChecker : Bean 'paymentDetailMapper' of type [org.mybatis.spring.mapper.MapperFactoryBean] is not eligible for getting processed by all BeanPostProcessors (for example: not eligible for auto-proxying)
2020-10-24 13:20:02.580  INFO 81350 --- [main] trationDelegate$BeanPostProcessorChecker : Bean 'paymentDetailMapper' of type [com.sun.proxy.$Proxy61] is not eligible for getting processed by all BeanPostProcessors (for example: not eligible for auto-proxying)
2020-10-24 13:20:02.581  INFO 81350 --- [main] trationDelegate$BeanPostProcessorChecker : Bean 'userService' of type [com.echo.backend.service.UserService] is not eligible for getting processed by all BeanPostProcessors (for example: not eligible for auto-proxying)
2020-10-24 13:20:02.583  INFO 81350 --- [main] trationDelegate$BeanPostProcessorChecker : Bean 'myRealm' of type [com.echo.backend.config.shiro.MyRealm] is not eligible for getting processed by all BeanPostProcessors (for example: not eligible for auto-proxying)
2020-10-24 13:20:02.866  INFO 81350 --- [main] trationDelegate$BeanPostProcessorChecker : Bean 'securityManager' of type [org.apache.shiro.web.mgt.DefaultWebSecurityManager] is not eligible for getting processed by all BeanPostProcessors (for example: not eligible for auto-proxying)
2020-10-24 13:20:03.231  INFO 81350 --- [main] trationDelegate$BeanPostProcessorChecker : Bean 'authorizationAttributeSourceAdvisor' of type [org.apache.shiro.spring.security.interceptor.AuthorizationAttributeSourceAdvisor] is not eligible for getting processed by all BeanPostProcessors (for example: not eligible for auto-proxying)
2020-10-24 13:20:04.527  INFO 81350 --- [main] o.s.b.w.embedded.tomcat.TomcatWebServer  : Tomcat initialized with port(s): 8080 (http)
2020-10-24 13:20:04.572  INFO 81350 --- [main] o.apache.catalina.core.StandardService   : Starting service [Tomcat]
2020-10-24 13:20:04.575  INFO 81350 --- [main] org.apache.catalina.core.StandardEngine  : Starting Servlet engine: [Apache Tomcat/9.0.38]
2020-10-24 13:20:06.671  INFO 81350 --- [main] o.a.c.c.C.[Tomcat].[localhost].[/api]    : Initializing Spring embedded WebApplicationContext
2020-10-24 13:20:06.672  INFO 81350 --- [main] w.s.c.ServletWebServerApplicationContext : Root WebApplicationContext: initialization completed in 9520 ms
2020-10-24 13:20:09.123  INFO 81350 --- [main] o.s.s.c.ThreadPoolTaskScheduler          : Initializing ExecutorService 'schedulerTaskPool'
2020-10-24 13:20:09.132  INFO 81350 --- [main] o.s.s.concurrent.ThreadPoolTaskExecutor  : Initializing ExecutorService
2020-10-24 13:20:09.136  INFO 81350 --- [main] o.s.s.concurrent.ThreadPoolTaskExecutor  : Initializing ExecutorService 'taskExecutor'
2020-10-24 13:20:09.902  INFO 81350 --- [main] o.s.b.w.embedded.tomcat.TomcatWebServer  : Tomcat started on port(s): 8080 (http) with context path '/api'
2020-10-24 13:20:09.906  INFO 81350 --- [main] d.s.w.p.DocumentationPluginsBootstrapper : Context refreshed
2020-10-24 13:20:09.929  INFO 81350 --- [main] d.s.w.p.DocumentationPluginsBootstrapper : Found 1 custom documentation plugin(s)
2020-10-24 13:20:09.968  INFO 81350 --- [main] s.d.s.w.s.ApiListingReferenceScanner     : Scanning for api listing references
2020-10-24 13:20:10.429  INFO 81350 --- [main] .d.s.w.r.o.CachingOperationNameGenerator : Generating unique operation named: addPaymentUsingPOST_1
2020-10-24 13:20:10.589  INFO 81350 --- [main] com.echo.backend.BackendApplication      : Started BackendApplication in 15.179 seconds (JVM running for 16.184)
2020-10-24 13:20:10.595  INFO 81350 --- [main] c.echo.backend.config.BeanConfiguration  : dataSource: HikariDataSource (null)
2020-10-24 13:20:10.596  INFO 81350 --- [main] com.zaxxer.hikari.HikariDataSource       : HikariPool-1 - Starting...
2020-10-24 13:20:13.041  INFO 81350 --- [main] com.zaxxer.hikari.HikariDataSource       : HikariPool-1 - Start completed.
2020-10-24 13:20:13.046  INFO 81350 --- [main] c.echo.backend.config.BeanConfiguration  : connection: HikariProxyConnection@1715602761 wrapping com.mysql.cj.jdbc.ConnectionImpl@15dc339f
2020-10-24 13:21:34.408  INFO 81350 --- [SpringContextShutdownHook] o.s.s.concurrent.ThreadPoolTaskExecutor  : Shutting down ExecutorService 'taskExecutor'
2020-10-24 13:21:34.410  INFO 81350 --- [SpringContextShutdownHook] o.s.s.c.ThreadPoolTaskScheduler          : Shutting down ExecutorService 'schedulerTaskPool'
2020-10-24 13:21:34.418  INFO 81350 --- [SpringContextShutdownHook] com.zaxxer.hikari.HikariDataSource       : HikariPool-1 - Shutdown initiated...
2020-10-24 13:21:36.031  INFO 81350 --- [SpringContextShutdownHook] com.zaxxer.hikari.HikariDataSource       : HikariPool-1 - Shutdown completed.
2020-10-24 13:23:15.981  INFO 81564 --- [main] com.echo.backend.BackendApplication      : Starting BackendApplication v0.0.1-SNAPSHOT on leedeMacBook-Pro.local with PID 81564 (/Users/lee/Desktop/comp9900/capstone-project-comp9900-w19b-echo/OLP/backend/target/backend-0.0.1-SNAPSHOT.war started by lee in /Users/lee/Desktop/comp9900/capstone-project-comp9900-w19b-echo/OLP/backend/target)
2020-10-24 13:23:15.986 DEBUG 81564 --- [main] com.echo.backend.BackendApplication      : Running with Spring Boot v2.3.4.RELEASE, Spring v5.2.9.RELEASE
2020-10-24 13:23:15.988  INFO 81564 --- [main] com.echo.backend.BackendApplication      : No active profile set, falling back to default profiles: default
2020-10-24 13:23:18.337  INFO 81564 --- [main] trationDelegate$BeanPostProcessorChecker : Bean 'shiroConfig' of type [com.echo.backend.config.shiro.ShiroConfig$$EnhancerBySpringCGLIB$$215674c1] is not eligible for getting processed by all BeanPostProcessors (for example: not eligible for auto-proxying)
2020-10-24 13:23:18.534  INFO 81564 --- [main] trationDelegate$BeanPostProcessorChecker : Bean 'mybatis-org.mybatis.spring.boot.autoconfigure.MybatisProperties' of type [org.mybatis.spring.boot.autoconfigure.MybatisProperties] is not eligible for getting processed by all BeanPostProcessors (for example: not eligible for auto-proxying)
2020-10-24 13:23:18.549  INFO 81564 --- [main] trationDelegate$BeanPostProcessorChecker : Bean 'org.mybatis.spring.boot.autoconfigure.MybatisAutoConfiguration' of type [org.mybatis.spring.boot.autoconfigure.MybatisAutoConfiguration$$EnhancerBySpringCGLIB$$d8d2502c] is not eligible for getting processed by all BeanPostProcessors (for example: not eligible for auto-proxying)
2020-10-24 13:23:18.553  INFO 81564 --- [main] trationDelegate$BeanPostProcessorChecker : Bean 'org.springframework.boot.autoconfigure.jdbc.DataSourceConfiguration$Hikari' of type [org.springframework.boot.autoconfigure.jdbc.DataSourceConfiguration$Hikari] is not eligible for getting processed by all BeanPostProcessors (for example: not eligible for auto-proxying)
2020-10-24 13:23:18.576  INFO 81564 --- [main] trationDelegate$BeanPostProcessorChecker : Bean 'spring.datasource-org.springframework.boot.autoconfigure.jdbc.DataSourceProperties' of type [org.springframework.boot.autoconfigure.jdbc.DataSourceProperties] is not eligible for getting processed by all BeanPostProcessors (for example: not eligible for auto-proxying)
2020-10-24 13:23:18.644  INFO 81564 --- [main] trationDelegate$BeanPostProcessorChecker : Bean 'dataSource' of type [com.zaxxer.hikari.HikariDataSource] is not eligible for getting processed by all BeanPostProcessors (for example: not eligible for auto-proxying)
2020-10-24 13:23:19.178  INFO 81564 --- [main] trationDelegate$BeanPostProcessorChecker : Bean 'sqlSessionFactory' of type [org.apache.ibatis.session.defaults.DefaultSqlSessionFactory] is not eligible for getting processed by all BeanPostProcessors (for example: not eligible for auto-proxying)
2020-10-24 13:23:19.191  INFO 81564 --- [main] trationDelegate$BeanPostProcessorChecker : Bean 'sqlSessionTemplate' of type [org.mybatis.spring.SqlSessionTemplate] is not eligible for getting processed by all BeanPostProcessors (for example: not eligible for auto-proxying)
2020-10-24 13:23:19.192  INFO 81564 --- [main] trationDelegate$BeanPostProcessorChecker : Bean 'userMapper' of type [org.mybatis.spring.mapper.MapperFactoryBean] is not eligible for getting processed by all BeanPostProcessors (for example: not eligible for auto-proxying)
2020-10-24 13:23:19.198  INFO 81564 --- [main] trationDelegate$BeanPostProcessorChecker : Bean 'userMapper' of type [com.sun.proxy.$Proxy60] is not eligible for getting processed by all BeanPostProcessors (for example: not eligible for auto-proxying)
2020-10-24 13:23:19.201  INFO 81564 --- [main] trationDelegate$BeanPostProcessorChecker : Bean 'paymentDetailMapper' of type [org.mybatis.spring.mapper.MapperFactoryBean] is not eligible for getting processed by all BeanPostProcessors (for example: not eligible for auto-proxying)
2020-10-24 13:23:19.203  INFO 81564 --- [main] trationDelegate$BeanPostProcessorChecker : Bean 'paymentDetailMapper' of type [com.sun.proxy.$Proxy61] is not eligible for getting processed by all BeanPostProcessors (for example: not eligible for auto-proxying)
2020-10-24 13:23:19.204  INFO 81564 --- [main] trationDelegate$BeanPostProcessorChecker : Bean 'userService' of type [com.echo.backend.service.UserService] is not eligible for getting processed by all BeanPostProcessors (for example: not eligible for auto-proxying)
2020-10-24 13:23:19.205  INFO 81564 --- [main] trationDelegate$BeanPostProcessorChecker : Bean 'myRealm' of type [com.echo.backend.config.shiro.MyRealm] is not eligible for getting processed by all BeanPostProcessors (for example: not eligible for auto-proxying)
2020-10-24 13:23:19.336  INFO 81564 --- [main] trationDelegate$BeanPostProcessorChecker : Bean 'securityManager' of type [org.apache.shiro.web.mgt.DefaultWebSecurityManager] is not eligible for getting processed by all BeanPostProcessors (for example: not eligible for auto-proxying)
2020-10-24 13:23:19.455  INFO 81564 --- [main] trationDelegate$BeanPostProcessorChecker : Bean 'authorizationAttributeSourceAdvisor' of type [org.apache.shiro.spring.security.interceptor.AuthorizationAttributeSourceAdvisor] is not eligible for getting processed by all BeanPostProcessors (for example: not eligible for auto-proxying)
2020-10-24 13:23:20.112  INFO 81564 --- [main] o.s.b.w.embedded.tomcat.TomcatWebServer  : Tomcat initialized with port(s): 8080 (http)
2020-10-24 13:23:20.136  INFO 81564 --- [main] o.apache.catalina.core.StandardService   : Starting service [Tomcat]
2020-10-24 13:23:20.137  INFO 81564 --- [main] org.apache.catalina.core.StandardEngine  : Starting Servlet engine: [Apache Tomcat/9.0.38]
2020-10-24 13:23:21.617  INFO 81564 --- [main] o.a.c.c.C.[Tomcat].[localhost].[/api]    : Initializing Spring embedded WebApplicationContext
2020-10-24 13:23:21.617  INFO 81564 --- [main] w.s.c.ServletWebServerApplicationContext : Root WebApplicationContext: initialization completed in 5489 ms
2020-10-24 13:23:22.877  INFO 81564 --- [main] o.s.s.c.ThreadPoolTaskScheduler          : Initializing ExecutorService 'schedulerTaskPool'
2020-10-24 13:23:22.886  INFO 81564 --- [main] o.s.s.concurrent.ThreadPoolTaskExecutor  : Initializing ExecutorService
2020-10-24 13:23:22.888  INFO 81564 --- [main] o.s.s.concurrent.ThreadPoolTaskExecutor  : Initializing ExecutorService 'taskExecutor'
2020-10-24 13:23:23.804  INFO 81564 --- [main] o.s.b.w.embedded.tomcat.TomcatWebServer  : Tomcat started on port(s): 8080 (http) with context path '/api'
2020-10-24 13:23:23.806  INFO 81564 --- [main] d.s.w.p.DocumentationPluginsBootstrapper : Context refreshed
2020-10-24 13:23:23.865  INFO 81564 --- [main] d.s.w.p.DocumentationPluginsBootstrapper : Found 1 custom documentation plugin(s)
2020-10-24 13:23:23.904  INFO 81564 --- [main] s.d.s.w.s.ApiListingReferenceScanner     : Scanning for api listing references
2020-10-24 13:23:24.347  INFO 81564 --- [main] .d.s.w.r.o.CachingOperationNameGenerator : Generating unique operation named: addPaymentUsingPOST_1
2020-10-24 13:23:24.434  INFO 81564 --- [main] com.echo.backend.BackendApplication      : Started BackendApplication in 9.668 seconds (JVM running for 10.57)
2020-10-24 13:23:24.437  INFO 81564 --- [main] c.echo.backend.config.BeanConfiguration  : dataSource: HikariDataSource (null)
2020-10-24 13:23:24.438  INFO 81564 --- [main] com.zaxxer.hikari.HikariDataSource       : HikariPool-1 - Starting...
2020-10-24 13:23:26.816  INFO 81564 --- [main] com.zaxxer.hikari.HikariDataSource       : HikariPool-1 - Start completed.
2020-10-24 13:23:26.821  INFO 81564 --- [main] c.echo.backend.config.BeanConfiguration  : connection: HikariProxyConnection@1428527783 wrapping com.mysql.cj.jdbc.ConnectionImpl@19382338
2020-10-24 13:23:50.690  INFO 81564 --- [http-nio-8080-exec-1] o.a.c.c.C.[Tomcat].[localhost].[/api]    : Initializing Spring DispatcherServlet 'dispatcherServlet'
2020-10-24 13:23:50.692  INFO 81564 --- [http-nio-8080-exec-1] o.s.web.servlet.DispatcherServlet        : Initializing Servlet 'dispatcherServlet'
2020-10-24 13:23:50.721  INFO 81564 --- [http-nio-8080-exec-1] o.s.web.servlet.DispatcherServlet        : Completed initialization in 28 ms
2020-10-24 13:25:00.003  INFO 81564 --- [schedulerTaskPool-1] c.e.backend.service.AuctionCheckTimer    : ---checking auction---
2020-10-24 13:30:00.010  INFO 81564 --- [schedulerTaskPool-2] c.e.backend.service.AuctionCheckTimer    : ---checking auction---
2020-10-24 13:35:00.009  INFO 81564 --- [schedulerTaskPool-5] c.e.backend.service.AuctionCheckTimer    : ---checking auction---
2020-10-24 13:40:00.009  INFO 81564 --- [schedulerTaskPool-1] c.e.backend.service.AuctionCheckTimer    : ---checking auction---
2020-10-24 13:45:00.010  INFO 81564 --- [schedulerTaskPool-8] c.e.backend.service.AuctionCheckTimer    : ---checking auction---
2020-10-24 13:50:00.014  INFO 81564 --- [schedulerTaskPool-10] c.e.backend.service.AuctionCheckTimer    : ---checking auction---
2020-10-24 13:55:00.010  INFO 81564 --- [schedulerTaskPool-8] c.e.backend.service.AuctionCheckTimer    : ---checking auction---
2020-10-24 14:00:00.010  INFO 81564 --- [schedulerTaskPool-4] c.e.backend.service.AuctionCheckTimer    : ---checking auction---
2020-10-24 14:05:00.010  INFO 81564 --- [schedulerTaskPool-1] c.e.backend.service.AuctionCheckTimer    : ---checking auction---
2020-10-24 14:10:00.013  INFO 81564 --- [schedulerTaskPool-4] c.e.backend.service.AuctionCheckTimer    : ---checking auction---
